;  LST file generated by mikroListExporter - v.2.0 
; Date/Time: 07-Apr-26 11:30:44 AM
;----------------------------------------------

;Address Opcode 	ASM
0x0000	0x293A      	GOTO       314
_interrupt:
0x0004	0x00FF      	MOVWF      R15
0x0005	0x0E03      	SWAPF      STATUS, 0
0x0006	0x0183      	CLRF       STATUS
0x0007	0x00EB      	MOVWF      ___saveSTATUS
0x0008	0x080A      	MOVF       PCLATH, 0
0x0009	0x00EC      	MOVWF      ___savePCLATH
0x000A	0x018A      	CLRF       PCLATH
;TrafficLight2.c,24 :: 		void interrupt(){
;TrafficLight2.c,25 :: 		if(INTF_bit){         // Check if the External Interrupt Flag was triggered
0x000B	0x1C8B      	BTFSS      INTF_bit, BitPos(INTF_bit+0)
0x000C	0x2810      	GOTO       L_interrupt0
;TrafficLight2.c,26 :: 		system_off = 1;   // Set the flag to 1 to signal the system to stop
0x000D	0x3001      	MOVLW      1
0x000E	0x00C7      	MOVWF      _system_off
;TrafficLight2.c,27 :: 		INTF_bit = 0;     // Clear the interrupt flag so it doesn't get stuck in a loop
0x000F	0x108B      	BCF        INTF_bit, BitPos(INTF_bit+0)
;TrafficLight2.c,28 :: 		}
L_interrupt0:
;TrafficLight2.c,29 :: 		}
L_end_interrupt:
L__interrupt11:
0x0010	0x086C      	MOVF       ___savePCLATH, 0
0x0011	0x008A      	MOVWF      PCLATH
0x0012	0x0E6B      	SWAPF      ___saveSTATUS, 0
0x0013	0x0083      	MOVWF      STATUS
0x0014	0x0EFF      	SWAPF      R15, 1
0x0015	0x0E7F      	SWAPF      R15, 0
0x0016	0x0009      	RETFIE
; end of _interrupt
_Delay_50us:
;__Lib_Delays.c,19 :: 		void Delay_50us() {
;__Lib_Delays.c,20 :: 		Delay_us(50);
0x0017	0x3053      	MOVLW      83
0x0018	0x1283      	BCF        STATUS, 5
0x0019	0x1303      	BCF        STATUS, 6
0x001A	0x00FD      	MOVWF      R13
L_Delay_50us2:
0x001B	0x0BFD      	DECFSZ     R13, 1
0x001C	0x281B      	GOTO       L_Delay_50us2
;__Lib_Delays.c,21 :: 		}
L_end_Delay_50us:
0x001D	0x0008      	RETURN
; end of _Delay_50us
_Delay_5500us:
;__Lib_Delays.c,31 :: 		void Delay_5500us() {
;__Lib_Delays.c,32 :: 		Delay_us(5500);
0x001E	0x3024      	MOVLW      36
0x001F	0x1283      	BCF        STATUS, 5
0x0020	0x1303      	BCF        STATUS, 6
0x0021	0x00FC      	MOVWF      R12
0x0022	0x30B5      	MOVLW      181
0x0023	0x00FD      	MOVWF      R13
L_Delay_5500us5:
0x0024	0x0BFD      	DECFSZ     R13, 1
0x0025	0x2824      	GOTO       L_Delay_5500us5
0x0026	0x0BFC      	DECFSZ     R12, 1
0x0027	0x2824      	GOTO       L_Delay_5500us5
0x0028	0x0000      	NOP
0x0029	0x0000      	NOP
;__Lib_Delays.c,33 :: 		}
L_end_Delay_5500us:
0x002A	0x0008      	RETURN
; end of _Delay_5500us
_Delay_1us:
;__Lib_Delays.c,7 :: 		void Delay_1us() {
;__Lib_Delays.c,8 :: 		Delay_us(1);
0x002B	0x0000      	NOP
0x002C	0x0000      	NOP
0x002D	0x0000      	NOP
0x002E	0x0000      	NOP
0x002F	0x0000      	NOP
;__Lib_Delays.c,9 :: 		}
L_end_Delay_1us:
0x0030	0x0008      	RETURN
; end of _Delay_1us
_Lcd_Cmd:
;__Lib_Lcd.c,18 :: 		
;__Lib_Lcd.c,20 :: 		
0x0031	0x1683      	BSF        STATUS, 5
0x0032	0x1303      	BCF        STATUS, 6
0x0033	0x1BA2      	BTFSC      FARG_Lcd_Cmd_out_char, 7
0x0034	0x2838      	GOTO       L__Lcd_Cmd21
0x0035	0x1283      	BCF        STATUS, 5
0x0036	0x1306      	BCF        LCD_D7, BitPos(LCD_D7+0)
0x0037	0x283A      	GOTO       L__Lcd_Cmd22
L__Lcd_Cmd21:
0x0038	0x1283      	BCF        STATUS, 5
0x0039	0x1706      	BSF        LCD_D7, BitPos(LCD_D7+0)
L__Lcd_Cmd22:
;__Lib_Lcd.c,21 :: 		
0x003A	0x1683      	BSF        STATUS, 5
0x003B	0x1B22      	BTFSC      FARG_Lcd_Cmd_out_char, 6
0x003C	0x2840      	GOTO       L__Lcd_Cmd23
0x003D	0x1283      	BCF        STATUS, 5
0x003E	0x1186      	BCF        LCD_D6, BitPos(LCD_D6+0)
0x003F	0x2842      	GOTO       L__Lcd_Cmd24
L__Lcd_Cmd23:
0x0040	0x1283      	BCF        STATUS, 5
0x0041	0x1586      	BSF        LCD_D6, BitPos(LCD_D6+0)
L__Lcd_Cmd24:
;__Lib_Lcd.c,22 :: 		
0x0042	0x1683      	BSF        STATUS, 5
0x0043	0x1AA2      	BTFSC      FARG_Lcd_Cmd_out_char, 5
0x0044	0x2848      	GOTO       L__Lcd_Cmd25
0x0045	0x1283      	BCF        STATUS, 5
0x0046	0x1106      	BCF        LCD_D5, BitPos(LCD_D5+0)
0x0047	0x284A      	GOTO       L__Lcd_Cmd26
L__Lcd_Cmd25:
0x0048	0x1283      	BCF        STATUS, 5
0x0049	0x1506      	BSF        LCD_D5, BitPos(LCD_D5+0)
L__Lcd_Cmd26:
;__Lib_Lcd.c,23 :: 		
0x004A	0x1683      	BSF        STATUS, 5
0x004B	0x1A22      	BTFSC      FARG_Lcd_Cmd_out_char, 4
0x004C	0x2850      	GOTO       L__Lcd_Cmd27
0x004D	0x1283      	BCF        STATUS, 5
0x004E	0x1086      	BCF        LCD_D4, BitPos(LCD_D4+0)
0x004F	0x2852      	GOTO       L__Lcd_Cmd28
L__Lcd_Cmd27:
0x0050	0x1283      	BCF        STATUS, 5
0x0051	0x1486      	BSF        LCD_D4, BitPos(LCD_D4+0)
L__Lcd_Cmd28:
;__Lib_Lcd.c,25 :: 		
0x0052	0x186A      	BTFSC      __Lib_Lcd_cmd_status, BitPos(__Lib_Lcd_cmd_status+0)
0x0053	0x2856      	GOTO       L__Lcd_Cmd29
0x0054	0x1606      	BSF        LCD_RS, BitPos(LCD_RS+0)
0x0055	0x2857      	GOTO       L__Lcd_Cmd30
L__Lcd_Cmd29:
0x0056	0x1206      	BCF        LCD_RS, BitPos(LCD_RS+0)
L__Lcd_Cmd30:
;__Lib_Lcd.c,28 :: 		
0x0057	0x1686      	BSF        LCD_EN, BitPos(LCD_EN+0)
;__Lib_Lcd.c,29 :: 		
0x0058	0x202B      	CALL       _Delay_1us
;__Lib_Lcd.c,30 :: 		
0x0059	0x1286      	BCF        LCD_EN, BitPos(LCD_EN+0)
;__Lib_Lcd.c,33 :: 		
0x005A	0x1683      	BSF        STATUS, 5
0x005B	0x19A2      	BTFSC      FARG_Lcd_Cmd_out_char, 3
0x005C	0x2860      	GOTO       L__Lcd_Cmd31
0x005D	0x1283      	BCF        STATUS, 5
0x005E	0x1306      	BCF        LCD_D7, BitPos(LCD_D7+0)
0x005F	0x2862      	GOTO       L__Lcd_Cmd32
L__Lcd_Cmd31:
0x0060	0x1283      	BCF        STATUS, 5
0x0061	0x1706      	BSF        LCD_D7, BitPos(LCD_D7+0)
L__Lcd_Cmd32:
;__Lib_Lcd.c,34 :: 		
0x0062	0x1683      	BSF        STATUS, 5
0x0063	0x1922      	BTFSC      FARG_Lcd_Cmd_out_char, 2
0x0064	0x2868      	GOTO       L__Lcd_Cmd33
0x0065	0x1283      	BCF        STATUS, 5
0x0066	0x1186      	BCF        LCD_D6, BitPos(LCD_D6+0)
0x0067	0x286A      	GOTO       L__Lcd_Cmd34
L__Lcd_Cmd33:
0x0068	0x1283      	BCF        STATUS, 5
0x0069	0x1586      	BSF        LCD_D6, BitPos(LCD_D6+0)
L__Lcd_Cmd34:
;__Lib_Lcd.c,35 :: 		
0x006A	0x1683      	BSF        STATUS, 5
0x006B	0x18A2      	BTFSC      FARG_Lcd_Cmd_out_char, 1
0x006C	0x2870      	GOTO       L__Lcd_Cmd35
0x006D	0x1283      	BCF        STATUS, 5
0x006E	0x1106      	BCF        LCD_D5, BitPos(LCD_D5+0)
0x006F	0x2872      	GOTO       L__Lcd_Cmd36
L__Lcd_Cmd35:
0x0070	0x1283      	BCF        STATUS, 5
0x0071	0x1506      	BSF        LCD_D5, BitPos(LCD_D5+0)
L__Lcd_Cmd36:
;__Lib_Lcd.c,36 :: 		
0x0072	0x1683      	BSF        STATUS, 5
0x0073	0x1822      	BTFSC      FARG_Lcd_Cmd_out_char, 0
0x0074	0x2878      	GOTO       L__Lcd_Cmd37
0x0075	0x1283      	BCF        STATUS, 5
0x0076	0x1086      	BCF        LCD_D4, BitPos(LCD_D4+0)
0x0077	0x287A      	GOTO       L__Lcd_Cmd38
L__Lcd_Cmd37:
0x0078	0x1283      	BCF        STATUS, 5
0x0079	0x1486      	BSF        LCD_D4, BitPos(LCD_D4+0)
L__Lcd_Cmd38:
;__Lib_Lcd.c,38 :: 		
0x007A	0x186A      	BTFSC      __Lib_Lcd_cmd_status, BitPos(__Lib_Lcd_cmd_status+0)
0x007B	0x287E      	GOTO       L__Lcd_Cmd39
0x007C	0x1606      	BSF        LCD_RS, BitPos(LCD_RS+0)
0x007D	0x287F      	GOTO       L__Lcd_Cmd40
L__Lcd_Cmd39:
0x007E	0x1206      	BCF        LCD_RS, BitPos(LCD_RS+0)
L__Lcd_Cmd40:
;__Lib_Lcd.c,40 :: 		
0x007F	0x1686      	BSF        LCD_EN, BitPos(LCD_EN+0)
;__Lib_Lcd.c,41 :: 		
0x0080	0x202B      	CALL       _Delay_1us
;__Lib_Lcd.c,42 :: 		
0x0081	0x1286      	BCF        LCD_EN, BitPos(LCD_EN+0)
;__Lib_Lcd.c,44 :: 		
0x0082	0x1C6A      	BTFSS      __Lib_Lcd_cmd_status, BitPos(__Lib_Lcd_cmd_status+0)
0x0083	0x2886      	GOTO       L_Lcd_Cmd0
;__Lib_Lcd.c,45 :: 		
0x0084	0x201E      	CALL       _Delay_5500us
0x0085	0x2887      	GOTO       L_Lcd_Cmd1
L_Lcd_Cmd0:
;__Lib_Lcd.c,47 :: 		
0x0086	0x2017      	CALL       _Delay_50us
L_Lcd_Cmd1:
;__Lib_Lcd.c,48 :: 		
L_end_Lcd_Cmd:
0x0087	0x0008      	RETURN
; end of _Lcd_Cmd
_____DoICP:
;__Lib_System.c,6 :: 		
;__Lib_System.c,9 :: 		
0x0088	0x1283      	BCF        STATUS, 5
0x0089	0x1303      	BCF        STATUS, 6
0x008A	0x0869      	MOVF       ___DoICPAddr+1, 0
0x008B	0x008A      	MOVWF      PCLATH
;__Lib_System.c,10 :: 		
0x008C	0x0868      	MOVF       ___DoICPAddr, 0
0x008D	0x0082      	MOVWF      PCL
;__Lib_System.c,12 :: 		
L_end_____DoICP:
0x008E	0x0008      	RETURN
; end of _____DoICP
_Lcd_Chr_CP:
;__Lib_Lcd.c,50 :: 		
;__Lib_Lcd.c,52 :: 		
0x008F	0x1283      	BCF        STATUS, 5
0x0090	0x1303      	BCF        STATUS, 6
0x0091	0x106A      	BCF        __Lib_Lcd_cmd_status, BitPos(__Lib_Lcd_cmd_status+0)
;__Lib_Lcd.c,53 :: 		
0x0092	0x1683      	BSF        STATUS, 5
0x0093	0x0821      	MOVF       FARG_Lcd_Chr_CP_out_char, 0
0x0094	0x00A2      	MOVWF      FARG_Lcd_Cmd_out_char
0x0095	0x2031      	CALL       _Lcd_Cmd
;__Lib_Lcd.c,54 :: 		
0x0096	0x146A      	BSF        __Lib_Lcd_cmd_status, BitPos(__Lib_Lcd_cmd_status+0)
;__Lib_Lcd.c,55 :: 		
L_end_Lcd_Chr_CP:
0x0097	0x0008      	RETURN
; end of _Lcd_Chr_CP
_Lcd_Init:
;__Lib_Lcd.c,84 :: 		
;__Lib_Lcd.c,86 :: 		
0x0098	0x1683      	BSF        STATUS, 5
0x0099	0x1303      	BCF        STATUS, 6
0x009A	0x1286      	BCF        LCD_EN_Direction, BitPos(LCD_EN_Direction+0)
;__Lib_Lcd.c,87 :: 		
0x009B	0x1206      	BCF        LCD_RS_Direction, BitPos(LCD_RS_Direction+0)
;__Lib_Lcd.c,88 :: 		
0x009C	0x1086      	BCF        LCD_D4_Direction, BitPos(LCD_D4_Direction+0)
;__Lib_Lcd.c,89 :: 		
0x009D	0x1106      	BCF        LCD_D5_Direction, BitPos(LCD_D5_Direction+0)
;__Lib_Lcd.c,90 :: 		
0x009E	0x1186      	BCF        LCD_D6_Direction, BitPos(LCD_D6_Direction+0)
;__Lib_Lcd.c,91 :: 		
0x009F	0x1306      	BCF        LCD_D7_Direction, BitPos(LCD_D7_Direction+0)
;__Lib_Lcd.c,93 :: 		
0x00A0	0x1283      	BCF        STATUS, 5
0x00A1	0x1286      	BCF        LCD_EN, BitPos(LCD_EN+0)
;__Lib_Lcd.c,94 :: 		
0x00A2	0x1206      	BCF        LCD_RS, BitPos(LCD_RS+0)
;__Lib_Lcd.c,95 :: 		
0x00A3	0x1306      	BCF        LCD_D7, BitPos(LCD_D7+0)
;__Lib_Lcd.c,96 :: 		
0x00A4	0x1186      	BCF        LCD_D6, BitPos(LCD_D6+0)
;__Lib_Lcd.c,97 :: 		
0x00A5	0x1106      	BCF        LCD_D5, BitPos(LCD_D5+0)
;__Lib_Lcd.c,98 :: 		
0x00A6	0x1086      	BCF        LCD_D4, BitPos(LCD_D4+0)
;__Lib_Lcd.c,100 :: 		
0x00A7	0x201E      	CALL       _Delay_5500us
;__Lib_Lcd.c,101 :: 		
0x00A8	0x201E      	CALL       _Delay_5500us
;__Lib_Lcd.c,102 :: 		
0x00A9	0x201E      	CALL       _Delay_5500us
;__Lib_Lcd.c,105 :: 		
0x00AA	0x1506      	BSF        LCD_D5, BitPos(LCD_D5+0)
;__Lib_Lcd.c,106 :: 		
0x00AB	0x1486      	BSF        LCD_D4, BitPos(LCD_D4+0)
;__Lib_Lcd.c,107 :: 		
0x00AC	0x1686      	BSF        LCD_EN, BitPos(LCD_EN+0)
;__Lib_Lcd.c,108 :: 		
0x00AD	0x202B      	CALL       _Delay_1us
;__Lib_Lcd.c,109 :: 		
0x00AE	0x1286      	BCF        LCD_EN, BitPos(LCD_EN+0)
;__Lib_Lcd.c,110 :: 		
0x00AF	0x201E      	CALL       _Delay_5500us
;__Lib_Lcd.c,112 :: 		
0x00B0	0x1686      	BSF        LCD_EN, BitPos(LCD_EN+0)
;__Lib_Lcd.c,113 :: 		
0x00B1	0x202B      	CALL       _Delay_1us
;__Lib_Lcd.c,114 :: 		
0x00B2	0x1286      	BCF        LCD_EN, BitPos(LCD_EN+0)
;__Lib_Lcd.c,115 :: 		
0x00B3	0x201E      	CALL       _Delay_5500us
;__Lib_Lcd.c,117 :: 		
0x00B4	0x1686      	BSF        LCD_EN, BitPos(LCD_EN+0)
;__Lib_Lcd.c,118 :: 		
0x00B5	0x202B      	CALL       _Delay_1us
;__Lib_Lcd.c,119 :: 		
0x00B6	0x1286      	BCF        LCD_EN, BitPos(LCD_EN+0)
;__Lib_Lcd.c,120 :: 		
0x00B7	0x201E      	CALL       _Delay_5500us
;__Lib_Lcd.c,123 :: 		
0x00B8	0x1086      	BCF        LCD_D4, BitPos(LCD_D4+0)
;__Lib_Lcd.c,124 :: 		
0x00B9	0x1686      	BSF        LCD_EN, BitPos(LCD_EN+0)
;__Lib_Lcd.c,125 :: 		
0x00BA	0x202B      	CALL       _Delay_1us
;__Lib_Lcd.c,126 :: 		
0x00BB	0x1286      	BCF        LCD_EN, BitPos(LCD_EN+0)
;__Lib_Lcd.c,127 :: 		
0x00BC	0x201E      	CALL       _Delay_5500us
;__Lib_Lcd.c,130 :: 		
0x00BD	0x1686      	BSF        LCD_EN, BitPos(LCD_EN+0)
;__Lib_Lcd.c,131 :: 		
0x00BE	0x202B      	CALL       _Delay_1us
;__Lib_Lcd.c,132 :: 		
0x00BF	0x1286      	BCF        LCD_EN, BitPos(LCD_EN+0)
;__Lib_Lcd.c,134 :: 		
0x00C0	0x1106      	BCF        LCD_D5, BitPos(LCD_D5+0)
;__Lib_Lcd.c,135 :: 		
0x00C1	0x1706      	BSF        LCD_D7, BitPos(LCD_D7+0)
;__Lib_Lcd.c,136 :: 		
0x00C2	0x1686      	BSF        LCD_EN, BitPos(LCD_EN+0)
;__Lib_Lcd.c,137 :: 		
0x00C3	0x202B      	CALL       _Delay_1us
;__Lib_Lcd.c,138 :: 		
0x00C4	0x1286      	BCF        LCD_EN, BitPos(LCD_EN+0)
;__Lib_Lcd.c,139 :: 		
0x00C5	0x201E      	CALL       _Delay_5500us
;__Lib_Lcd.c,142 :: 		
0x00C6	0x1306      	BCF        LCD_D7, BitPos(LCD_D7+0)
;__Lib_Lcd.c,143 :: 		
0x00C7	0x1486      	BSF        LCD_D4, BitPos(LCD_D4+0)
;__Lib_Lcd.c,144 :: 		
0x00C8	0x1686      	BSF        LCD_EN, BitPos(LCD_EN+0)
;__Lib_Lcd.c,145 :: 		
0x00C9	0x202B      	CALL       _Delay_1us
;__Lib_Lcd.c,146 :: 		
0x00CA	0x1286      	BCF        LCD_EN, BitPos(LCD_EN+0)
;__Lib_Lcd.c,148 :: 		
0x00CB	0x1086      	BCF        LCD_D4, BitPos(LCD_D4+0)
;__Lib_Lcd.c,149 :: 		
0x00CC	0x1686      	BSF        LCD_EN, BitPos(LCD_EN+0)
;__Lib_Lcd.c,150 :: 		
0x00CD	0x202B      	CALL       _Delay_1us
;__Lib_Lcd.c,151 :: 		
0x00CE	0x1286      	BCF        LCD_EN, BitPos(LCD_EN+0)
;__Lib_Lcd.c,152 :: 		
0x00CF	0x201E      	CALL       _Delay_5500us
;__Lib_Lcd.c,155 :: 		
0x00D0	0x1686      	BSF        LCD_EN, BitPos(LCD_EN+0)
;__Lib_Lcd.c,156 :: 		
0x00D1	0x202B      	CALL       _Delay_1us
;__Lib_Lcd.c,157 :: 		
0x00D2	0x1286      	BCF        LCD_EN, BitPos(LCD_EN+0)
;__Lib_Lcd.c,159 :: 		
0x00D3	0x1486      	BSF        LCD_D4, BitPos(LCD_D4+0)
;__Lib_Lcd.c,160 :: 		
0x00D4	0x1686      	BSF        LCD_EN, BitPos(LCD_EN+0)
;__Lib_Lcd.c,161 :: 		
0x00D5	0x202B      	CALL       _Delay_1us
;__Lib_Lcd.c,162 :: 		
0x00D6	0x1286      	BCF        LCD_EN, BitPos(LCD_EN+0)
;__Lib_Lcd.c,163 :: 		
0x00D7	0x201E      	CALL       _Delay_5500us
;__Lib_Lcd.c,166 :: 		
0x00D8	0x1086      	BCF        LCD_D4, BitPos(LCD_D4+0)
;__Lib_Lcd.c,167 :: 		
0x00D9	0x1686      	BSF        LCD_EN, BitPos(LCD_EN+0)
;__Lib_Lcd.c,168 :: 		
0x00DA	0x202B      	CALL       _Delay_1us
;__Lib_Lcd.c,169 :: 		
0x00DB	0x1286      	BCF        LCD_EN, BitPos(LCD_EN+0)
;__Lib_Lcd.c,171 :: 		
0x00DC	0x1706      	BSF        LCD_D7, BitPos(LCD_D7+0)
;__Lib_Lcd.c,172 :: 		
0x00DD	0x1586      	BSF        LCD_D6, BitPos(LCD_D6+0)
;__Lib_Lcd.c,173 :: 		
0x00DE	0x1506      	BSF        LCD_D5, BitPos(LCD_D5+0)
;__Lib_Lcd.c,174 :: 		
0x00DF	0x1486      	BSF        LCD_D4, BitPos(LCD_D4+0)
;__Lib_Lcd.c,175 :: 		
0x00E0	0x1686      	BSF        LCD_EN, BitPos(LCD_EN+0)
;__Lib_Lcd.c,176 :: 		
0x00E1	0x202B      	CALL       _Delay_1us
;__Lib_Lcd.c,177 :: 		
0x00E2	0x1286      	BCF        LCD_EN, BitPos(LCD_EN+0)
;__Lib_Lcd.c,179 :: 		
0x00E3	0x201E      	CALL       _Delay_5500us
;__Lib_Lcd.c,181 :: 		
0x00E4	0x146A      	BSF        __Lib_Lcd_cmd_status, BitPos(__Lib_Lcd_cmd_status+0)
;__Lib_Lcd.c,182 :: 		
L_end_Lcd_Init:
0x00E5	0x0008      	RETURN
; end of _Lcd_Init
_Lcd_Out:
;__Lib_Lcd.c,184 :: 		
;__Lib_Lcd.c,187 :: 		
0x00E6	0x28F8      	GOTO       L_Lcd_Out11
;__Lib_Lcd.c,188 :: 		
L_Lcd_Out13:
0x00E7	0x3080      	MOVLW      128
0x00E8	0x1283      	BCF        STATUS, 5
0x00E9	0x1303      	BCF        STATUS, 6
0x00EA	0x00ED      	MOVWF      FARG_Lcd_Out_row
0x00EB	0x290B      	GOTO       L_Lcd_Out12
;__Lib_Lcd.c,189 :: 		
L_Lcd_Out14:
0x00EC	0x30C0      	MOVLW      192
0x00ED	0x00ED      	MOVWF      FARG_Lcd_Out_row
0x00EE	0x290B      	GOTO       L_Lcd_Out12
;__Lib_Lcd.c,190 :: 		
L_Lcd_Out15:
0x00EF	0x3094      	MOVLW      148
0x00F0	0x00ED      	MOVWF      FARG_Lcd_Out_row
0x00F1	0x290B      	GOTO       L_Lcd_Out12
;__Lib_Lcd.c,191 :: 		
L_Lcd_Out16:
0x00F2	0x30D4      	MOVLW      212
0x00F3	0x00ED      	MOVWF      FARG_Lcd_Out_row
0x00F4	0x290B      	GOTO       L_Lcd_Out12
;__Lib_Lcd.c,192 :: 		
L_Lcd_Out17:
0x00F5	0x3080      	MOVLW      128
0x00F6	0x00ED      	MOVWF      FARG_Lcd_Out_row
;__Lib_Lcd.c,193 :: 		
0x00F7	0x290B      	GOTO       L_Lcd_Out12
L_Lcd_Out11:
0x00F8	0x1283      	BCF        STATUS, 5
0x00F9	0x1303      	BCF        STATUS, 6
0x00FA	0x086D      	MOVF       FARG_Lcd_Out_row, 0
0x00FB	0x3A01      	XORLW      1
0x00FC	0x1903      	BTFSC      STATUS, 2
0x00FD	0x28E7      	GOTO       L_Lcd_Out13
0x00FE	0x086D      	MOVF       FARG_Lcd_Out_row, 0
0x00FF	0x3A02      	XORLW      2
0x0100	0x1903      	BTFSC      STATUS, 2
0x0101	0x28EC      	GOTO       L_Lcd_Out14
0x0102	0x086D      	MOVF       FARG_Lcd_Out_row, 0
0x0103	0x3A03      	XORLW      3
0x0104	0x1903      	BTFSC      STATUS, 2
0x0105	0x28EF      	GOTO       L_Lcd_Out15
0x0106	0x086D      	MOVF       FARG_Lcd_Out_row, 0
0x0107	0x3A04      	XORLW      4
0x0108	0x1903      	BTFSC      STATUS, 2
0x0109	0x28F2      	GOTO       L_Lcd_Out16
0x010A	0x28F5      	GOTO       L_Lcd_Out17
L_Lcd_Out12:
;__Lib_Lcd.c,194 :: 		
0x010B	0x036E      	DECF       FARG_Lcd_Out_column, 0
0x010C	0x00F0      	MOVWF      R0
0x010D	0x086D      	MOVF       FARG_Lcd_Out_row, 0
0x010E	0x07F0      	ADDWF      R0, 1
0x010F	0x0870      	MOVF       R0, 0
0x0110	0x00ED      	MOVWF      FARG_Lcd_Out_row
;__Lib_Lcd.c,196 :: 		
0x0111	0x0870      	MOVF       R0, 0
0x0112	0x1683      	BSF        STATUS, 5
0x0113	0x00A2      	MOVWF      FARG_Lcd_Cmd_out_char
0x0114	0x2031      	CALL       _Lcd_Cmd
;__Lib_Lcd.c,197 :: 		
0x0115	0x106A      	BCF        __Lib_Lcd_cmd_status, BitPos(__Lib_Lcd_cmd_status+0)
;__Lib_Lcd.c,198 :: 		
0x0116	0x1683      	BSF        STATUS, 5
0x0117	0x01A0      	CLRF       Lcd_Out_i_L0
;__Lib_Lcd.c,199 :: 		
L_Lcd_Out18:
0x0118	0x0820      	MOVF       Lcd_Out_i_L0, 0
0x0119	0x1283      	BCF        STATUS, 5
0x011A	0x076F      	ADDWF      FARG_Lcd_Out_text, 0
0x011B	0x0084      	MOVWF      FSR
0x011C	0x0800      	MOVF       INDF, 0
0x011D	0x1903      	BTFSC      STATUS, 2
0x011E	0x292B      	GOTO       L_Lcd_Out19
;__Lib_Lcd.c,200 :: 		
0x011F	0x1683      	BSF        STATUS, 5
0x0120	0x0820      	MOVF       Lcd_Out_i_L0, 0
0x0121	0x1283      	BCF        STATUS, 5
0x0122	0x076F      	ADDWF      FARG_Lcd_Out_text, 0
0x0123	0x0084      	MOVWF      FSR
0x0124	0x0800      	MOVF       INDF, 0
0x0125	0x1683      	BSF        STATUS, 5
0x0126	0x00A1      	MOVWF      FARG_Lcd_Chr_CP_out_char
0x0127	0x208F      	CALL       _Lcd_Chr_CP
0x0128	0x1683      	BSF        STATUS, 5
0x0129	0x0AA0      	INCF       Lcd_Out_i_L0, 1
0x012A	0x2918      	GOTO       L_Lcd_Out18
L_Lcd_Out19:
;__Lib_Lcd.c,201 :: 		
0x012B	0x1283      	BCF        STATUS, 5
0x012C	0x146A      	BSF        __Lib_Lcd_cmd_status, BitPos(__Lib_Lcd_cmd_status+0)
;__Lib_Lcd.c,202 :: 		
L_end_Lcd_Out:
0x012D	0x0008      	RETURN
; end of _Lcd_Out
___CC2DW:
;__Lib_System.c,134 :: 		
;__Lib_System.c,137 :: 		
_CC2D_Loop1:
;__Lib_System.c,139 :: 		
0x012E	0x2088      	CALL       _____DoICP
0x012F	0x118A      	BCF        PCLATH, 3
0x0130	0x120A      	BCF        PCLATH, 4
;__Lib_System.c,141 :: 		
0x0131	0x0080      	MOVWF      INDF
;__Lib_System.c,142 :: 		
0x0132	0x0A84      	INCF       FSR, 1
;__Lib_System.c,143 :: 		
0x0133	0x0AE8      	INCF       ___DoICPAddr, 1
;__Lib_System.c,145 :: 		
0x0134	0x1903      	BTFSC      STATUS, 2
;__Lib_System.c,146 :: 		
0x0135	0x0AE9      	INCF       ___DoICPAddr+1, 1
;__Lib_System.c,147 :: 		
0x0136	0x03F0      	DECF       R0, 1
;__Lib_System.c,149 :: 		
0x0137	0x1D03      	BTFSS      STATUS, 2
;__Lib_System.c,150 :: 		
0x0138	0x292E      	GOTO       _CC2D_Loop1
;__Lib_System.c,152 :: 		
L_end___CC2DW:
0x0139	0x0008      	RETURN
; end of ___CC2DW
_main:
0x013A	0x2222      	CALL       546
;TrafficLight2.c,32 :: 		void main(){
;TrafficLight2.c,35 :: 		TRISB = 0x01;  // Set RB0 as Input (for the button), and all other PORTB pins as Outputs (for LCD)
0x013B	0x3001      	MOVLW      1
0x013C	0x1683      	BSF        STATUS, 5
0x013D	0x1303      	BCF        STATUS, 6
0x013E	0x0086      	MOVWF      TRISB
;TrafficLight2.c,36 :: 		TRISD = 0x00;  // Set all PORTD pins as Outputs (for the LEDs)
0x013F	0x0188      	CLRF       TRISD
;TrafficLight2.c,37 :: 		PORTD = 0x00;  // Start with all LEDs turned off
0x0140	0x1283      	BCF        STATUS, 5
0x0141	0x0188      	CLRF       PORTD
;TrafficLight2.c,40 :: 		OPTION_REG.INTEDG = 0; // Trigger the interrupt on a falling edge (when button is pressed)
0x0142	0x1683      	BSF        STATUS, 5
0x0143	0x1301      	BCF        OPTION_REG, 6
;TrafficLight2.c,41 :: 		INTE_bit = 1;          // Enable the External Interrupt on pin RB0
0x0144	0x160B      	BSF        INTE_bit, BitPos(INTE_bit+0)
;TrafficLight2.c,42 :: 		GIE_bit = 1;           // Enable Global Interrupts (the master switch for interrupts)
0x0145	0x178B      	BSF        GIE_bit, BitPos(GIE_bit+0)
;TrafficLight2.c,45 :: 		Delay_ms(100);             // Give the LCD time to power up
0x0146	0x3003      	MOVLW      3
0x0147	0x00FB      	MOVWF      R11
0x0148	0x308A      	MOVLW      138
0x0149	0x00FC      	MOVWF      R12
0x014A	0x3055      	MOVLW      85
0x014B	0x00FD      	MOVWF      R13
L_main1:
0x014C	0x0BFD      	DECFSZ     R13, 1
0x014D	0x294C      	GOTO       L_main1
0x014E	0x0BFC      	DECFSZ     R12, 1
0x014F	0x294C      	GOTO       L_main1
0x0150	0x0BFB      	DECFSZ     R11, 1
0x0151	0x294C      	GOTO       L_main1
0x0152	0x0000      	NOP
0x0153	0x0000      	NOP
;TrafficLight2.c,46 :: 		Lcd_Init();                // Initialize the LCD module
0x0154	0x2098      	CALL       _Lcd_Init
;TrafficLight2.c,47 :: 		Lcd_Cmd(_LCD_CLEAR);       // Clear any text on the screen
0x0155	0x3001      	MOVLW      1
0x0156	0x1683      	BSF        STATUS, 5
0x0157	0x00A2      	MOVWF      FARG_Lcd_Cmd_out_char
0x0158	0x2031      	CALL       _Lcd_Cmd
;TrafficLight2.c,48 :: 		Lcd_Cmd(_LCD_CURSOR_OFF);  // Hide the blinking cursor
0x0159	0x300C      	MOVLW      12
0x015A	0x1683      	BSF        STATUS, 5
0x015B	0x00A2      	MOVWF      FARG_Lcd_Cmd_out_char
0x015C	0x2031      	CALL       _Lcd_Cmd
;TrafficLight2.c,51 :: 		while(1){
L_main2:
;TrafficLight2.c,54 :: 		if(system_off){
0x015D	0x0847      	MOVF       _system_off, 0
0x015E	0x1903      	BTFSC      STATUS, 2
0x015F	0x296D      	GOTO       L_main4
;TrafficLight2.c,55 :: 		PORTD = 0x00;               // Turn off all traffic lights
0x0160	0x0188      	CLRF       PORTD
;TrafficLight2.c,56 :: 		Lcd_Cmd(_LCD_CLEAR);        // Clear the screen
0x0161	0x3001      	MOVLW      1
0x0162	0x1683      	BSF        STATUS, 5
0x0163	0x00A2      	MOVWF      FARG_Lcd_Cmd_out_char
0x0164	0x2031      	CALL       _Lcd_Cmd
;TrafficLight2.c,57 :: 		Lcd_Out(1,1,"Traffic OFF"); // Print shutdown message
0x0165	0x3001      	MOVLW      1
0x0166	0x00ED      	MOVWF      FARG_Lcd_Out_row
0x0167	0x3001      	MOVLW      1
0x0168	0x00EE      	MOVWF      FARG_Lcd_Out_column
0x0169	0x3048      	MOVLW      ?lstr1_TrafficLight2
0x016A	0x00EF      	MOVWF      FARG_Lcd_Out_text
0x016B	0x20E6      	CALL       _Lcd_Out
;TrafficLight2.c,58 :: 		while(1);                   // Trap the program in an infinite loop forever
L_main5:
0x016C	0x296C      	GOTO       L_main5
;TrafficLight2.c,59 :: 		}
L_main4:
;TrafficLight2.c,62 :: 		PORTD = 0x01;                   // Turn on RD0 (Green LED)
0x016D	0x3001      	MOVLW      1
0x016E	0x0088      	MOVWF      PORTD
;TrafficLight2.c,63 :: 		Lcd_Cmd(_LCD_CLEAR);
0x016F	0x3001      	MOVLW      1
0x0170	0x1683      	BSF        STATUS, 5
0x0171	0x00A2      	MOVWF      FARG_Lcd_Cmd_out_char
0x0172	0x2031      	CALL       _Lcd_Cmd
;TrafficLight2.c,64 :: 		Lcd_Out(1,1,"Traffic Light");
0x0173	0x3001      	MOVLW      1
0x0174	0x00ED      	MOVWF      FARG_Lcd_Out_row
0x0175	0x3001      	MOVLW      1
0x0176	0x00EE      	MOVWF      FARG_Lcd_Out_column
0x0177	0x305A      	MOVLW      ?lstr2_TrafficLight2
0x0178	0x00EF      	MOVWF      FARG_Lcd_Out_text
0x0179	0x20E6      	CALL       _Lcd_Out
;TrafficLight2.c,65 :: 		Lcd_Out(2,1,"GREEN");
0x017A	0x3002      	MOVLW      2
0x017B	0x00ED      	MOVWF      FARG_Lcd_Out_row
0x017C	0x3001      	MOVLW      1
0x017D	0x00EE      	MOVWF      FARG_Lcd_Out_column
0x017E	0x3054      	MOVLW      ?lstr3_TrafficLight2
0x017F	0x00EF      	MOVWF      FARG_Lcd_Out_text
0x0180	0x20E6      	CALL       _Lcd_Out
;TrafficLight2.c,66 :: 		Delay_ms(5000);                 // Wait for 5 seconds
0x0181	0x307F      	MOVLW      127
0x0182	0x00FB      	MOVWF      R11
0x0183	0x30D4      	MOVLW      212
0x0184	0x00FC      	MOVWF      R12
0x0185	0x3031      	MOVLW      49
0x0186	0x00FD      	MOVWF      R13
L_main7:
0x0187	0x0BFD      	DECFSZ     R13, 1
0x0188	0x2987      	GOTO       L_main7
0x0189	0x0BFC      	DECFSZ     R12, 1
0x018A	0x2987      	GOTO       L_main7
0x018B	0x0BFB      	DECFSZ     R11, 1
0x018C	0x2987      	GOTO       L_main7
0x018D	0x0000      	NOP
0x018E	0x0000      	NOP
;TrafficLight2.c,69 :: 		PORTD = 0x02;                   // Turn on RD1 (Red LED)
0x018F	0x3002      	MOVLW      2
0x0190	0x0088      	MOVWF      PORTD
;TrafficLight2.c,70 :: 		Lcd_Cmd(_LCD_CLEAR);
0x0191	0x3001      	MOVLW      1
0x0192	0x1683      	BSF        STATUS, 5
0x0193	0x00A2      	MOVWF      FARG_Lcd_Cmd_out_char
0x0194	0x2031      	CALL       _Lcd_Cmd
;TrafficLight2.c,71 :: 		Lcd_Out(1,1,"Traffic Light");
0x0195	0x3001      	MOVLW      1
0x0196	0x00ED      	MOVWF      FARG_Lcd_Out_row
0x0197	0x3001      	MOVLW      1
0x0198	0x00EE      	MOVWF      FARG_Lcd_Out_column
0x0199	0x3024      	MOVLW      ?lstr4_TrafficLight2
0x019A	0x00EF      	MOVWF      FARG_Lcd_Out_text
0x019B	0x20E6      	CALL       _Lcd_Out
;TrafficLight2.c,72 :: 		Lcd_Out(2,1,"RED");
0x019C	0x3002      	MOVLW      2
0x019D	0x00ED      	MOVWF      FARG_Lcd_Out_row
0x019E	0x3001      	MOVLW      1
0x019F	0x00EE      	MOVWF      FARG_Lcd_Out_column
0x01A0	0x3020      	MOVLW      ?lstr5_TrafficLight2
0x01A1	0x00EF      	MOVWF      FARG_Lcd_Out_text
0x01A2	0x20E6      	CALL       _Lcd_Out
;TrafficLight2.c,73 :: 		Delay_ms(5000);                 // Wait for 5 seconds
0x01A3	0x307F      	MOVLW      127
0x01A4	0x00FB      	MOVWF      R11
0x01A5	0x30D4      	MOVLW      212
0x01A6	0x00FC      	MOVWF      R12
0x01A7	0x3031      	MOVLW      49
0x01A8	0x00FD      	MOVWF      R13
L_main8:
0x01A9	0x0BFD      	DECFSZ     R13, 1
0x01AA	0x29A9      	GOTO       L_main8
0x01AB	0x0BFC      	DECFSZ     R12, 1
0x01AC	0x29A9      	GOTO       L_main8
0x01AD	0x0BFB      	DECFSZ     R11, 1
0x01AE	0x29A9      	GOTO       L_main8
0x01AF	0x0000      	NOP
0x01B0	0x0000      	NOP
;TrafficLight2.c,76 :: 		PORTD = 0x04;                   // Turn on RD2 (Yellow LED)
0x01B1	0x3004      	MOVLW      4
0x01B2	0x0088      	MOVWF      PORTD
;TrafficLight2.c,77 :: 		Lcd_Cmd(_LCD_CLEAR);
0x01B3	0x3001      	MOVLW      1
0x01B4	0x1683      	BSF        STATUS, 5
0x01B5	0x00A2      	MOVWF      FARG_Lcd_Cmd_out_char
0x01B6	0x2031      	CALL       _Lcd_Cmd
;TrafficLight2.c,78 :: 		Lcd_Out(1,1,"Traffic Light");
0x01B7	0x3001      	MOVLW      1
0x01B8	0x00ED      	MOVWF      FARG_Lcd_Out_row
0x01B9	0x3001      	MOVLW      1
0x01BA	0x00EE      	MOVWF      FARG_Lcd_Out_column
0x01BB	0x3032      	MOVLW      ?lstr6_TrafficLight2
0x01BC	0x00EF      	MOVWF      FARG_Lcd_Out_text
0x01BD	0x20E6      	CALL       _Lcd_Out
;TrafficLight2.c,79 :: 		Lcd_Out(2,1,"YELLOW");
0x01BE	0x3002      	MOVLW      2
0x01BF	0x00ED      	MOVWF      FARG_Lcd_Out_row
0x01C0	0x3001      	MOVLW      1
0x01C1	0x00EE      	MOVWF      FARG_Lcd_Out_column
0x01C2	0x3040      	MOVLW      ?lstr7_TrafficLight2
0x01C3	0x00EF      	MOVWF      FARG_Lcd_Out_text
0x01C4	0x20E6      	CALL       _Lcd_Out
;TrafficLight2.c,80 :: 		Delay_ms(2000);                 // Wait for 2 seconds
0x01C5	0x3033      	MOVLW      51
0x01C6	0x00FB      	MOVWF      R11
0x01C7	0x30BB      	MOVLW      187
0x01C8	0x00FC      	MOVWF      R12
0x01C9	0x30DF      	MOVLW      223
0x01CA	0x00FD      	MOVWF      R13
L_main9:
0x01CB	0x0BFD      	DECFSZ     R13, 1
0x01CC	0x29CB      	GOTO       L_main9
0x01CD	0x0BFC      	DECFSZ     R12, 1
0x01CE	0x29CB      	GOTO       L_main9
0x01CF	0x0BFB      	DECFSZ     R11, 1
0x01D0	0x29CB      	GOTO       L_main9
0x01D1	0x0000      	NOP
0x01D2	0x0000      	NOP
;TrafficLight2.c,81 :: 		}
0x01D3	0x295D      	GOTO       L_main2
;TrafficLight2.c,82 :: 		}
L_end_main:
0x01D4	0x29D4      	GOTO       $+0
; end of _main
0x0222	0x3020      	MOVLW      32
0x0223	0x0084      	MOVWF      FSR
0x0224	0x3048      	MOVLW      72
0x0225	0x1283      	BCF        STATUS, 5
0x0226	0x1303      	BCF        STATUS, 6
0x0227	0x00F0      	MOVWF      R0
0x0228	0x30DA      	MOVLW      218
0x0229	0x00E8      	MOVWF      ___DoICPAddr
0x022A	0x3001      	MOVLW      1
0x022B	0x00E9      	MOVWF      105
0x022C	0x212E      	CALL       302
0x022D	0x0008      	RETURN
;TrafficLight2.c,0 :: ?ICS?lstr5_TrafficLight2
0x01DA	0x3452 ;?ICS?lstr5_TrafficLight2+0
0x01DB	0x3445 ;?ICS?lstr5_TrafficLight2+1
0x01DC	0x3444 ;?ICS?lstr5_TrafficLight2+2
0x01DD	0x3400 ;?ICS?lstr5_TrafficLight2+3
; end of ?ICS?lstr5_TrafficLight2
;TrafficLight2.c,0 :: ?ICS?lstr4_TrafficLight2
0x01DE	0x3454 ;?ICS?lstr4_TrafficLight2+0
0x01DF	0x3472 ;?ICS?lstr4_TrafficLight2+1
0x01E0	0x3461 ;?ICS?lstr4_TrafficLight2+2
0x01E1	0x3466 ;?ICS?lstr4_TrafficLight2+3
0x01E2	0x3466 ;?ICS?lstr4_TrafficLight2+4
0x01E3	0x3469 ;?ICS?lstr4_TrafficLight2+5
0x01E4	0x3463 ;?ICS?lstr4_TrafficLight2+6
0x01E5	0x3420 ;?ICS?lstr4_TrafficLight2+7
0x01E6	0x344C ;?ICS?lstr4_TrafficLight2+8
0x01E7	0x3469 ;?ICS?lstr4_TrafficLight2+9
0x01E8	0x3467 ;?ICS?lstr4_TrafficLight2+10
0x01E9	0x3468 ;?ICS?lstr4_TrafficLight2+11
0x01EA	0x3474 ;?ICS?lstr4_TrafficLight2+12
0x01EB	0x3400 ;?ICS?lstr4_TrafficLight2+13
; end of ?ICS?lstr4_TrafficLight2
;TrafficLight2.c,0 :: ?ICS?lstr6_TrafficLight2
0x01EC	0x3454 ;?ICS?lstr6_TrafficLight2+0
0x01ED	0x3472 ;?ICS?lstr6_TrafficLight2+1
0x01EE	0x3461 ;?ICS?lstr6_TrafficLight2+2
0x01EF	0x3466 ;?ICS?lstr6_TrafficLight2+3
0x01F0	0x3466 ;?ICS?lstr6_TrafficLight2+4
0x01F1	0x3469 ;?ICS?lstr6_TrafficLight2+5
0x01F2	0x3463 ;?ICS?lstr6_TrafficLight2+6
0x01F3	0x3420 ;?ICS?lstr6_TrafficLight2+7
0x01F4	0x344C ;?ICS?lstr6_TrafficLight2+8
0x01F5	0x3469 ;?ICS?lstr6_TrafficLight2+9
0x01F6	0x3467 ;?ICS?lstr6_TrafficLight2+10
0x01F7	0x3468 ;?ICS?lstr6_TrafficLight2+11
0x01F8	0x3474 ;?ICS?lstr6_TrafficLight2+12
0x01F9	0x3400 ;?ICS?lstr6_TrafficLight2+13
; end of ?ICS?lstr6_TrafficLight2
;TrafficLight2.c,0 :: ?ICS?lstr7_TrafficLight2
0x01FA	0x3459 ;?ICS?lstr7_TrafficLight2+0
0x01FB	0x3445 ;?ICS?lstr7_TrafficLight2+1
0x01FC	0x344C ;?ICS?lstr7_TrafficLight2+2
0x01FD	0x344C ;?ICS?lstr7_TrafficLight2+3
0x01FE	0x344F ;?ICS?lstr7_TrafficLight2+4
0x01FF	0x3457 ;?ICS?lstr7_TrafficLight2+5
0x0200	0x3400 ;?ICS?lstr7_TrafficLight2+6
; end of ?ICS?lstr7_TrafficLight2
;TrafficLight2.c,0 :: ?ICS_system_off
0x0201	0x3400 ;?ICS_system_off+0
; end of ?ICS_system_off
;TrafficLight2.c,0 :: ?ICS?lstr1_TrafficLight2
0x0202	0x3454 ;?ICS?lstr1_TrafficLight2+0
0x0203	0x3472 ;?ICS?lstr1_TrafficLight2+1
0x0204	0x3461 ;?ICS?lstr1_TrafficLight2+2
0x0205	0x3466 ;?ICS?lstr1_TrafficLight2+3
0x0206	0x3466 ;?ICS?lstr1_TrafficLight2+4
0x0207	0x3469 ;?ICS?lstr1_TrafficLight2+5
0x0208	0x3463 ;?ICS?lstr1_TrafficLight2+6
0x0209	0x3420 ;?ICS?lstr1_TrafficLight2+7
0x020A	0x344F ;?ICS?lstr1_TrafficLight2+8
0x020B	0x3446 ;?ICS?lstr1_TrafficLight2+9
0x020C	0x3446 ;?ICS?lstr1_TrafficLight2+10
0x020D	0x3400 ;?ICS?lstr1_TrafficLight2+11
; end of ?ICS?lstr1_TrafficLight2
;TrafficLight2.c,0 :: ?ICS?lstr3_TrafficLight2
0x020E	0x3447 ;?ICS?lstr3_TrafficLight2+0
0x020F	0x3452 ;?ICS?lstr3_TrafficLight2+1
0x0210	0x3445 ;?ICS?lstr3_TrafficLight2+2
0x0211	0x3445 ;?ICS?lstr3_TrafficLight2+3
0x0212	0x344E ;?ICS?lstr3_TrafficLight2+4
0x0213	0x3400 ;?ICS?lstr3_TrafficLight2+5
; end of ?ICS?lstr3_TrafficLight2
;TrafficLight2.c,0 :: ?ICS?lstr2_TrafficLight2
0x0214	0x3454 ;?ICS?lstr2_TrafficLight2+0
0x0215	0x3472 ;?ICS?lstr2_TrafficLight2+1
0x0216	0x3461 ;?ICS?lstr2_TrafficLight2+2
0x0217	0x3466 ;?ICS?lstr2_TrafficLight2+3
0x0218	0x3466 ;?ICS?lstr2_TrafficLight2+4
0x0219	0x3469 ;?ICS?lstr2_TrafficLight2+5
0x021A	0x3463 ;?ICS?lstr2_TrafficLight2+6
0x021B	0x3420 ;?ICS?lstr2_TrafficLight2+7
0x021C	0x344C ;?ICS?lstr2_TrafficLight2+8
0x021D	0x3469 ;?ICS?lstr2_TrafficLight2+9
0x021E	0x3467 ;?ICS?lstr2_TrafficLight2+10
0x021F	0x3468 ;?ICS?lstr2_TrafficLight2+11
0x0220	0x3474 ;?ICS?lstr2_TrafficLight2+12
0x0221	0x3400 ;?ICS?lstr2_TrafficLight2+13
; end of ?ICS?lstr2_TrafficLight2
Symbol List:
//** Routines locations **
//ADDRESS    SIZE    PROCEDURE
//----------------------------------------------
0x0004      [19]    _interrupt
0x0017       [7]    _Delay_50us
0x001E      [13]    _Delay_5500us
0x002B       [6]    _Delay_1us
0x0031      [87]    _Lcd_Cmd
0x0088       [7]    _____DoICP
0x008F       [9]    _Lcd_Chr_CP
0x0098      [78]    _Lcd_Init
0x00E6      [72]    _Lcd_Out
0x012E      [12]    ___CC2DW
0x013A     [154]    _main
//** Variables locations ** 
//ADDRESS    SIZE    VARIABLE
//----------------------------------------------
0x0000       [1]    INDF
0x0002       [1]    PCL
0x0003       [1]    STATUS
0x0004       [1]    FSR
0x0006       [0]    RB5_bit
0x0006       [0]    RB6_bit
0x0006       [0]    LCD_D5
0x0006       [0]    RB1_bit
0x0006       [0]    LCD_D7
0x0006       [0]    LCD_D6
0x0006       [0]    LCD_EN
0x0006       [0]    RB4_bit
0x0006       [0]    LCD_RS
0x0006       [0]    RB2_bit
0x0006       [0]    LCD_D4
0x0006       [0]    RB3_bit
0x0008       [1]    PORTD
0x000A       [1]    PCLATH
0x000B       [0]    INTE_bit
0x000B       [0]    GIE_bit
0x000B       [0]    INTF_bit
0x0020       [4]    ?lstr5_TrafficLight2
0x0024      [14]    ?lstr4_TrafficLight2
0x0032      [14]    ?lstr6_TrafficLight2
0x0040       [7]    ?lstr7_TrafficLight2
0x0047       [1]    _system_off
0x0048      [12]    ?lstr1_TrafficLight2
0x0054       [6]    ?lstr3_TrafficLight2
0x005A      [14]    ?lstr2_TrafficLight2
0x0068       [2]    ___DoICPAddr
0x006A       [0]    __Lib_Lcd_cmd_status
0x006B       [1]    ___saveSTATUS
0x006C       [1]    ___savePCLATH
0x006D       [1]    FARG_Lcd_Out_row
0x006E       [1]    FARG_Lcd_Out_column
0x006F       [1]    FARG_Lcd_Out_text
0x0070       [1]    R0
0x0071       [1]    R1
0x0072       [1]    R2
0x0073       [1]    R3
0x0074       [1]    R4
0x0075       [1]    R5
0x0076       [1]    R6
0x0077       [1]    R7
0x0078       [1]    R8
0x0079       [1]    R9
0x007A       [1]    R10
0x007B       [1]    R11
0x007C       [1]    R12
0x007D       [1]    R13
0x007E       [1]    R14
0x007F       [1]    R15
0x0081       [1]    OPTION_REG
0x0086       [0]    LCD_D4_Direction
0x0086       [0]    LCD_D6_Direction
0x0086       [0]    LCD_D5_Direction
0x0086       [0]    LCD_D7_Direction
0x0086       [0]    TRISB4_bit
0x0086       [0]    LCD_EN_Direction
0x0086       [0]    LCD_RS_Direction
0x0086       [0]    TRISB6_bit
0x0086       [0]    TRISB2_bit
0x0086       [0]    TRISB1_bit
0x0086       [0]    TRISB5_bit
0x0086       [1]    TRISB
0x0086       [0]    TRISB3_bit
0x0088       [1]    TRISD
0x00A0       [1]    Lcd_Out_i_L0
0x00A1       [1]    FARG_Lcd_Chr_CP_out_char
0x00A2       [1]    FARG_Lcd_Cmd_out_char
//** Constants locations ** 
//ADDRESS    SIZE    CONSTANT
//----------------------------------------------
0x01DA       [4]    ?ICS?lstr5_TrafficLight2
0x01DE      [14]    ?ICS?lstr4_TrafficLight2
0x01EC      [14]    ?ICS?lstr6_TrafficLight2
0x01FA       [7]    ?ICS?lstr7_TrafficLight2
0x0201       [1]    ?ICS_system_off
0x0202      [12]    ?ICS?lstr1_TrafficLight2
0x020E       [6]    ?ICS?lstr3_TrafficLight2
0x0214      [14]    ?ICS?lstr2_TrafficLight2
